<?xml version="1.0" encoding="UTF-8"?>
<!-- Generated by org.testng.reporters.JUnitReportReporter -->
<testsuite hostname="Dell" name="com.LoginTest.LginTest" tests="1" failures="0" timestamp="13 Apr 2017 17:37:48 GMT" time="2.451" errors="0">
  <testcase name="f" time="2.451" classname="com.LoginTest.LginTest"/>
</testsuite> <!-- com.LoginTest.LginTest -->
